Info: Starting: Create block symbol file (.bsf)
Info: qsys-generate C:\CPEN391\arm_hps_system\arm_hps_system.qsys --block-symbol-file --output-directory=C:\CPEN391\arm_hps_system\arm_hps_system --family="Cyclone V" --part=5CSEMA5F31C6
Progress: Loading arm_hps_system/arm_hps_system.qsys
Progress: Reading input file
Progress: Adding ARM_A9_HPS [altera_hps 17.1]
Progress: Parameterizing module ARM_A9_HPS
Progress: Adding HEX0_1 [altera_avalon_pio 17.1]
Progress: Parameterizing module HEX0_1
Progress: Adding HEX2_3 [altera_avalon_pio 17.1]
Progress: Parameterizing module HEX2_3
Progress: Adding HEX4_5 [altera_avalon_pio 17.1]
Progress: Parameterizing module HEX4_5
Progress: Adding IO_Bridge [altera_up_avalon_to_external_bus_bridge 17.1]
Progress: Parameterizing module IO_Bridge
Progress: Adding Interval_Timer [altera_avalon_timer 17.1]
Progress: Parameterizing module Interval_Timer
Progress: Adding JTAG_To_FPGA_Bridge [altera_jtag_avalon_master 17.1]
Progress: Parameterizing module JTAG_To_FPGA_Bridge
Progress: Adding JTAG_To_HPS_Bridge [altera_jtag_avalon_master 17.1]
Progress: Parameterizing module JTAG_To_HPS_Bridge
Progress: Adding JTAG_UART_for_ARM_0 [altera_avalon_jtag_uart 17.1]
Progress: Parameterizing module JTAG_UART_for_ARM_0
Progress: Adding JTAG_UART_for_ARM_1 [altera_avalon_jtag_uart 17.1]
Progress: Parameterizing module JTAG_UART_for_ARM_1
Progress: Adding LCD_0 [altera_avalon_pio 17.1]
Progress: Parameterizing module LCD_0
Progress: Adding LEDS [altera_avalon_pio 17.1]
Progress: Parameterizing module LEDS
Progress: Adding Onchip_SRAM [altera_avalon_onchip_memory2 17.1]
Progress: Parameterizing module Onchip_SRAM
Progress: Adding PushButtons [altera_avalon_pio 17.1]
Progress: Parameterizing module PushButtons
Progress: Adding SDRAM [altera_avalon_new_sdram_controller 17.1]
Progress: Parameterizing module SDRAM
Progress: Adding Slider_Switches [altera_avalon_pio 17.1]
Progress: Parameterizing module Slider_Switches
Progress: Adding SysID [altera_avalon_sysid_qsys 17.1]
Progress: Parameterizing module SysID
Progress: Adding System_PLL [altera_up_avalon_sys_sdram_pll 17.1]
Progress: Parameterizing module System_PLL
Progress: Adding bit_flipper_0 [bit_flipper 1.0]
Progress: Parameterizing module bit_flipper_0
Progress: Building connections
Progress: Parameterizing connections
Progress: Validating
Progress: Done reading input file
Info: arm_hps_system.ARM_A9_HPS: HPS Main PLL counter settings: n = 0  m = 73
Info: arm_hps_system.ARM_A9_HPS: HPS peripherial PLL counter settings: n = 0  m = 39
Warning: arm_hps_system.ARM_A9_HPS: "Configuration/HPS-to-FPGA user 0 clock frequency" (desired_cfg_clk_mhz) requested 100.0 MHz, but only achieved 97.368421 MHz
Warning: arm_hps_system.ARM_A9_HPS: "QSPI clock frequency" (desired_qspi_clk_mhz) requested 400.0 MHz, but only achieved 370.0 MHz
Warning: arm_hps_system.ARM_A9_HPS: 1 or more output clock frequencies cannot be achieved precisely, consider revising desired output clock frequencies.
Info: arm_hps_system.JTAG_UART_for_ARM_0: JTAG UART IP input clock need to be at least double (2x) the operating frequency of JTAG TCK on board
Info: arm_hps_system.JTAG_UART_for_ARM_1: JTAG UART IP input clock need to be at least double (2x) the operating frequency of JTAG TCK on board
Info: arm_hps_system.LCD_0: PIO inputs are not hardwired in test bench. Undefined values will be read from PIO inputs during simulation.
Info: arm_hps_system.SDRAM: SDRAM Controller will only be supported in Quartus Prime Standard Edition in the future release.
Info: arm_hps_system.Slider_Switches: PIO inputs are not hardwired in test bench. Undefined values will be read from PIO inputs during simulation.
Info: arm_hps_system.SysID: System ID is not assigned automatically. Edit the System ID parameter to provide a unique ID
Info: arm_hps_system.SysID: Time stamp will be automatically updated when this component is generated.
Info: arm_hps_system.System_PLL: Refclk Freq: 50.0
Warning: arm_hps_system.Onchip_SRAM: Onchip_SRAM.s2 must be connected to an Avalon-MM master
Info: qsys-generate succeeded.
Info: Finished: Create block symbol file (.bsf)
Info: 
Info: Starting: Create HDL design files for synthesis
Info: qsys-generate C:\CPEN391\arm_hps_system\arm_hps_system.qsys --synthesis=VERILOG --output-directory=C:\CPEN391\arm_hps_system\arm_hps_system\synthesis --family="Cyclone V" --part=5CSEMA5F31C6
Progress: Loading arm_hps_system/arm_hps_system.qsys
Progress: Reading input file
Progress: Adding ARM_A9_HPS [altera_hps 17.1]
Progress: Parameterizing module ARM_A9_HPS
Progress: Adding HEX0_1 [altera_avalon_pio 17.1]
Progress: Parameterizing module HEX0_1
Progress: Adding HEX2_3 [altera_avalon_pio 17.1]
Progress: Parameterizing module HEX2_3
Progress: Adding HEX4_5 [altera_avalon_pio 17.1]
Progress: Parameterizing module HEX4_5
Progress: Adding IO_Bridge [altera_up_avalon_to_external_bus_bridge 17.1]
Progress: Parameterizing module IO_Bridge
Progress: Adding Interval_Timer [altera_avalon_timer 17.1]
Progress: Parameterizing module Interval_Timer
Progress: Adding JTAG_To_FPGA_Bridge [altera_jtag_avalon_master 17.1]
Progress: Parameterizing module JTAG_To_FPGA_Bridge
Progress: Adding JTAG_To_HPS_Bridge [altera_jtag_avalon_master 17.1]
Progress: Parameterizing module JTAG_To_HPS_Bridge
Progress: Adding JTAG_UART_for_ARM_0 [altera_avalon_jtag_uart 17.1]
Progress: Parameterizing module JTAG_UART_for_ARM_0
Progress: Adding JTAG_UART_for_ARM_1 [altera_avalon_jtag_uart 17.1]
Progress: Parameterizing module JTAG_UART_for_ARM_1
Progress: Adding LCD_0 [altera_avalon_pio 17.1]
Progress: Parameterizing module LCD_0
Progress: Adding LEDS [altera_avalon_pio 17.1]
Progress: Parameterizing module LEDS
Progress: Adding Onchip_SRAM [altera_avalon_onchip_memory2 17.1]
Progress: Parameterizing module Onchip_SRAM
Progress: Adding PushButtons [altera_avalon_pio 17.1]
Progress: Parameterizing module PushButtons
Progress: Adding SDRAM [altera_avalon_new_sdram_controller 17.1]
Progress: Parameterizing module SDRAM
Progress: Adding Slider_Switches [altera_avalon_pio 17.1]
Progress: Parameterizing module Slider_Switches
Progress: Adding SysID [altera_avalon_sysid_qsys 17.1]
Progress: Parameterizing module SysID
Progress: Adding System_PLL [altera_up_avalon_sys_sdram_pll 17.1]
Progress: Parameterizing module System_PLL
Progress: Adding bit_flipper_0 [bit_flipper 1.0]
Progress: Parameterizing module bit_flipper_0
Progress: Building connections
Progress: Parameterizing connections
Progress: Validating
Progress: Done reading input file
Info: arm_hps_system.ARM_A9_HPS: HPS Main PLL counter settings: n = 0  m = 73
Info: arm_hps_system.ARM_A9_HPS: HPS peripherial PLL counter settings: n = 0  m = 39
Warning: arm_hps_system.ARM_A9_HPS: "Configuration/HPS-to-FPGA user 0 clock frequency" (desired_cfg_clk_mhz) requested 100.0 MHz, but only achieved 97.368421 MHz
Warning: arm_hps_system.ARM_A9_HPS: "QSPI clock frequency" (desired_qspi_clk_mhz) requested 400.0 MHz, but only achieved 370.0 MHz
Warning: arm_hps_system.ARM_A9_HPS: 1 or more output clock frequencies cannot be achieved precisely, consider revising desired output clock frequencies.
Info: arm_hps_system.JTAG_UART_for_ARM_0: JTAG UART IP input clock need to be at least double (2x) the operating frequency of JTAG TCK on board
Info: arm_hps_system.JTAG_UART_for_ARM_1: JTAG UART IP input clock need to be at least double (2x) the operating frequency of JTAG TCK on board
Info: arm_hps_system.LCD_0: PIO inputs are not hardwired in test bench. Undefined values will be read from PIO inputs during simulation.
Info: arm_hps_system.SDRAM: SDRAM Controller will only be supported in Quartus Prime Standard Edition in the future release.
Info: arm_hps_system.Slider_Switches: PIO inputs are not hardwired in test bench. Undefined values will be read from PIO inputs during simulation.
Info: arm_hps_system.SysID: System ID is not assigned automatically. Edit the System ID parameter to provide a unique ID
Info: arm_hps_system.SysID: Time stamp will be automatically updated when this component is generated.
Info: arm_hps_system.System_PLL: Refclk Freq: 50.0
Warning: arm_hps_system.Onchip_SRAM: Onchip_SRAM.s2 must be connected to an Avalon-MM master
Info: arm_hps_system: Generating arm_hps_system "arm_hps_system" for QUARTUS_SYNTH
Info: Interconnect is inserted between master JTAG_To_HPS_Bridge.master and slave ARM_A9_HPS.f2h_axi_slave because the master is of type avalon and the slave is of type axi.
Warning: ARM_A9_HPS.f2h_irq0: Cannot connect clock for irq_mapper.sender
Warning: ARM_A9_HPS.f2h_irq0: Cannot connect reset for irq_mapper.sender
Warning: ARM_A9_HPS.f2h_irq1: Cannot connect clock for irq_mapper_001.sender
Warning: ARM_A9_HPS.f2h_irq1: Cannot connect reset for irq_mapper_001.sender
Info: ARM_A9_HPS: "Running  for module: ARM_A9_HPS"
Info: ARM_A9_HPS: HPS Main PLL counter settings: n = 0  m = 73
Info: ARM_A9_HPS: HPS peripherial PLL counter settings: n = 0  m = 39
Warning: ARM_A9_HPS: "Configuration/HPS-to-FPGA user 0 clock frequency" (desired_cfg_clk_mhz) requested 100.0 MHz, but only achieved 97.368421 MHz
Warning: ARM_A9_HPS: "QSPI clock frequency" (desired_qspi_clk_mhz) requested 400.0 MHz, but only achieved 370.0 MHz
Warning: ARM_A9_HPS: 1 or more output clock frequencies cannot be achieved precisely, consider revising desired output clock frequencies.
Info: ARM_A9_HPS: "arm_hps_system" instantiated altera_hps "ARM_A9_HPS"
Info: HEX0_1: Starting RTL generation for module 'arm_hps_system_HEX0_1'
Info: HEX0_1:   Generation command is [exec C:/intelfpga_lite/17.1/quartus/bin64/perl/bin/perl.exe -I C:/intelfpga_lite/17.1/quartus/bin64/perl/lib -I C:/intelfpga_lite/17.1/quartus/sopc_builder/bin/europa -I C:/intelfpga_lite/17.1/quartus/sopc_builder/bin/perl_lib -I C:/intelfpga_lite/17.1/quartus/sopc_builder/bin -I C:/intelfpga_lite/17.1/quartus/../ip/altera/sopc_builder_ip/common -I C:/intelfpga_lite/17.1/quartus/../ip/altera/sopc_builder_ip/altera_avalon_pio -- C:/intelfpga_lite/17.1/quartus/../ip/altera/sopc_builder_ip/altera_avalon_pio/generate_rtl.pl --name=arm_hps_system_HEX0_1 --dir=C:/Users/ANDRAD~1/AppData/Local/Temp/alt8278_2005722517729298440.dir/0003_HEX0_1_gen/ --quartus_dir=C:/intelfpga_lite/17.1/quartus --verilog --config=C:/Users/ANDRAD~1/AppData/Local/Temp/alt8278_2005722517729298440.dir/0003_HEX0_1_gen//arm_hps_system_HEX0_1_component_configuration.pl  --do_build_sim=0  ]
Info: HEX0_1: Done RTL generation for module 'arm_hps_system_HEX0_1'
Info: HEX0_1: "arm_hps_system" instantiated altera_avalon_pio "HEX0_1"
Info: IO_Bridge: Starting Generation of Avalon to External Bus Bridge
Info: IO_Bridge: "arm_hps_system" instantiated altera_up_avalon_to_external_bus_bridge "IO_Bridge"
Info: Interval_Timer: Starting RTL generation for module 'arm_hps_system_Interval_Timer'
Info: Interval_Timer:   Generation command is [exec C:/intelFPGA_lite/17.1/quartus/bin64//perl/bin/perl.exe -I C:/intelFPGA_lite/17.1/quartus/bin64//perl/lib -I C:/intelfpga_lite/17.1/quartus/sopc_builder/bin/europa -I C:/intelfpga_lite/17.1/quartus/sopc_builder/bin/perl_lib -I C:/intelfpga_lite/17.1/quartus/sopc_builder/bin -I C:/intelfpga_lite/17.1/quartus/../ip/altera/sopc_builder_ip/common -I C:/intelfpga_lite/17.1/quartus/../ip/altera/sopc_builder_ip/altera_avalon_timer -- C:/intelfpga_lite/17.1/quartus/../ip/altera/sopc_builder_ip/altera_avalon_timer/generate_rtl.pl --name=arm_hps_system_Interval_Timer --dir=C:/Users/ANDRAD~1/AppData/Local/Temp/alt8278_2005722517729298440.dir/0005_Interval_Timer_gen/ --quartus_dir=C:/intelfpga_lite/17.1/quartus --verilog --config=C:/Users/ANDRAD~1/AppData/Local/Temp/alt8278_2005722517729298440.dir/0005_Interval_Timer_gen//arm_hps_system_Interval_Timer_component_configuration.pl  --do_build_sim=0  ]
Info: Interval_Timer: Done RTL generation for module 'arm_hps_system_Interval_Timer'
Info: Interval_Timer: "arm_hps_system" instantiated altera_avalon_timer "Interval_Timer"
Info: JTAG_To_FPGA_Bridge: "arm_hps_system" instantiated altera_jtag_avalon_master "JTAG_To_FPGA_Bridge"
Info: JTAG_UART_for_ARM_0: Starting RTL generation for module 'arm_hps_system_JTAG_UART_for_ARM_0'
Info: JTAG_UART_for_ARM_0:   Generation command is [exec C:/intelfpga_lite/17.1/quartus/bin64/perl/bin/perl.exe -I C:/intelfpga_lite/17.1/quartus/bin64/perl/lib -I C:/intelfpga_lite/17.1/quartus/sopc_builder/bin/europa -I C:/intelfpga_lite/17.1/quartus/sopc_builder/bin/perl_lib -I C:/intelfpga_lite/17.1/quartus/sopc_builder/bin -I C:/intelfpga_lite/17.1/quartus/../ip/altera/sopc_builder_ip/common -I C:/intelfpga_lite/17.1/quartus/../ip/altera/sopc_builder_ip/altera_avalon_jtag_uart -- C:/intelfpga_lite/17.1/quartus/../ip/altera/sopc_builder_ip/altera_avalon_jtag_uart/generate_rtl.pl --name=arm_hps_system_JTAG_UART_for_ARM_0 --dir=C:/Users/ANDRAD~1/AppData/Local/Temp/alt8278_2005722517729298440.dir/0006_JTAG_UART_for_ARM_0_gen/ --quartus_dir=C:/intelfpga_lite/17.1/quartus --verilog --config=C:/Users/ANDRAD~1/AppData/Local/Temp/alt8278_2005722517729298440.dir/0006_JTAG_UART_for_ARM_0_gen//arm_hps_system_JTAG_UART_for_ARM_0_component_configuration.pl  --do_build_sim=0  ]
Info: JTAG_UART_for_ARM_0: Done RTL generation for module 'arm_hps_system_JTAG_UART_for_ARM_0'
Info: JTAG_UART_for_ARM_0: "arm_hps_system" instantiated altera_avalon_jtag_uart "JTAG_UART_for_ARM_0"
Info: LCD_0: Starting RTL generation for module 'arm_hps_system_LCD_0'
Info: LCD_0:   Generation command is [exec C:/intelfpga_lite/17.1/quartus/bin64/perl/bin/perl.exe -I C:/intelfpga_lite/17.1/quartus/bin64/perl/lib -I C:/intelfpga_lite/17.1/quartus/sopc_builder/bin/europa -I C:/intelfpga_lite/17.1/quartus/sopc_builder/bin/perl_lib -I C:/intelfpga_lite/17.1/quartus/sopc_builder/bin -I C:/intelfpga_lite/17.1/quartus/../ip/altera/sopc_builder_ip/common -I C:/intelfpga_lite/17.1/quartus/../ip/altera/sopc_builder_ip/altera_avalon_pio -- C:/intelfpga_lite/17.1/quartus/../ip/altera/sopc_builder_ip/altera_avalon_pio/generate_rtl.pl --name=arm_hps_system_LCD_0 --dir=C:/Users/ANDRAD~1/AppData/Local/Temp/alt8278_2005722517729298440.dir/0007_LCD_0_gen/ --quartus_dir=C:/intelfpga_lite/17.1/quartus --verilog --config=C:/Users/ANDRAD~1/AppData/Local/Temp/alt8278_2005722517729298440.dir/0007_LCD_0_gen//arm_hps_system_LCD_0_component_configuration.pl  --do_build_sim=0  ]
Info: LCD_0: Done RTL generation for module 'arm_hps_system_LCD_0'
Info: LCD_0: "arm_hps_system" instantiated altera_avalon_pio "LCD_0"
Info: LEDS: Starting RTL generation for module 'arm_hps_system_LEDS'
Info: LEDS:   Generation command is [exec C:/intelfpga_lite/17.1/quartus/bin64/perl/bin/perl.exe -I C:/intelfpga_lite/17.1/quartus/bin64/perl/lib -I C:/intelfpga_lite/17.1/quartus/sopc_builder/bin/europa -I C:/intelfpga_lite/17.1/quartus/sopc_builder/bin/perl_lib -I C:/intelfpga_lite/17.1/quartus/sopc_builder/bin -I C:/intelfpga_lite/17.1/quartus/../ip/altera/sopc_builder_ip/common -I C:/intelfpga_lite/17.1/quartus/../ip/altera/sopc_builder_ip/altera_avalon_pio -- C:/intelfpga_lite/17.1/quartus/../ip/altera/sopc_builder_ip/altera_avalon_pio/generate_rtl.pl --name=arm_hps_system_LEDS --dir=C:/Users/ANDRAD~1/AppData/Local/Temp/alt8278_2005722517729298440.dir/0008_LEDS_gen/ --quartus_dir=C:/intelfpga_lite/17.1/quartus --verilog --config=C:/Users/ANDRAD~1/AppData/Local/Temp/alt8278_2005722517729298440.dir/0008_LEDS_gen//arm_hps_system_LEDS_component_configuration.pl  --do_build_sim=0  ]
Info: LEDS: Done RTL generation for module 'arm_hps_system_LEDS'
Info: LEDS: "arm_hps_system" instantiated altera_avalon_pio "LEDS"
Info: Onchip_SRAM: Starting RTL generation for module 'arm_hps_system_Onchip_SRAM'
Info: Onchip_SRAM:   Generation command is [exec C:/intelfpga_lite/17.1/quartus/bin64/perl/bin/perl.exe -I C:/intelfpga_lite/17.1/quartus/bin64/perl/lib -I C:/intelfpga_lite/17.1/quartus/sopc_builder/bin/europa -I C:/intelfpga_lite/17.1/quartus/sopc_builder/bin/perl_lib -I C:/intelfpga_lite/17.1/quartus/sopc_builder/bin -I C:/intelfpga_lite/17.1/quartus/../ip/altera/sopc_builder_ip/common -I C:/intelfpga_lite/17.1/quartus/../ip/altera/sopc_builder_ip/altera_avalon_onchip_memory2 -- C:/intelfpga_lite/17.1/quartus/../ip/altera/sopc_builder_ip/altera_avalon_onchip_memory2/generate_rtl.pl --name=arm_hps_system_Onchip_SRAM --dir=C:/Users/ANDRAD~1/AppData/Local/Temp/alt8278_2005722517729298440.dir/0009_Onchip_SRAM_gen/ --quartus_dir=C:/intelfpga_lite/17.1/quartus --verilog --config=C:/Users/ANDRAD~1/AppData/Local/Temp/alt8278_2005722517729298440.dir/0009_Onchip_SRAM_gen//arm_hps_system_Onchip_SRAM_component_configuration.pl  --do_build_sim=0  ]
Info: Onchip_SRAM: Done RTL generation for module 'arm_hps_system_Onchip_SRAM'
Info: Onchip_SRAM: "arm_hps_system" instantiated altera_avalon_onchip_memory2 "Onchip_SRAM"
Info: PushButtons: Starting RTL generation for module 'arm_hps_system_PushButtons'
Info: PushButtons:   Generation command is [exec C:/intelfpga_lite/17.1/quartus/bin64/perl/bin/perl.exe -I C:/intelfpga_lite/17.1/quartus/bin64/perl/lib -I C:/intelfpga_lite/17.1/quartus/sopc_builder/bin/europa -I C:/intelfpga_lite/17.1/quartus/sopc_builder/bin/perl_lib -I C:/intelfpga_lite/17.1/quartus/sopc_builder/bin -I C:/intelfpga_lite/17.1/quartus/../ip/altera/sopc_builder_ip/common -I C:/intelfpga_lite/17.1/quartus/../ip/altera/sopc_builder_ip/altera_avalon_pio -- C:/intelfpga_lite/17.1/quartus/../ip/altera/sopc_builder_ip/altera_avalon_pio/generate_rtl.pl --name=arm_hps_system_PushButtons --dir=C:/Users/ANDRAD~1/AppData/Local/Temp/alt8278_2005722517729298440.dir/0010_PushButtons_gen/ --quartus_dir=C:/intelfpga_lite/17.1/quartus --verilog --config=C:/Users/ANDRAD~1/AppData/Local/Temp/alt8278_2005722517729298440.dir/0010_PushButtons_gen//arm_hps_system_PushButtons_component_configuration.pl  --do_build_sim=0  ]
Info: PushButtons: Done RTL generation for module 'arm_hps_system_PushButtons'
Info: PushButtons: "arm_hps_system" instantiated altera_avalon_pio "PushButtons"
Info: SDRAM: Starting RTL generation for module 'arm_hps_system_SDRAM'
Info: SDRAM:   Generation command is [exec C:/intelfpga_lite/17.1/quartus/bin64/perl/bin/perl.exe -I C:/intelfpga_lite/17.1/quartus/bin64/perl/lib -I C:/intelfpga_lite/17.1/quartus/sopc_builder/bin/europa -I C:/intelfpga_lite/17.1/quartus/sopc_builder/bin/perl_lib -I C:/intelfpga_lite/17.1/quartus/sopc_builder/bin -I C:/intelfpga_lite/17.1/quartus/../ip/altera/sopc_builder_ip/common -I C:/intelfpga_lite/17.1/quartus/../ip/altera/sopc_builder_ip/altera_avalon_new_sdram_controller -- C:/intelfpga_lite/17.1/quartus/../ip/altera/sopc_builder_ip/altera_avalon_new_sdram_controller/generate_rtl.pl --name=arm_hps_system_SDRAM --dir=C:/Users/ANDRAD~1/AppData/Local/Temp/alt8278_2005722517729298440.dir/0011_SDRAM_gen/ --quartus_dir=C:/intelfpga_lite/17.1/quartus --verilog --config=C:/Users/ANDRAD~1/AppData/Local/Temp/alt8278_2005722517729298440.dir/0011_SDRAM_gen//arm_hps_system_SDRAM_component_configuration.pl  --do_build_sim=0  ]
Info: SDRAM: Done RTL generation for module 'arm_hps_system_SDRAM'
Info: SDRAM: "arm_hps_system" instantiated altera_avalon_new_sdram_controller "SDRAM"
Info: Slider_Switches: Starting RTL generation for module 'arm_hps_system_Slider_Switches'
Info: Slider_Switches:   Generation command is [exec C:/intelfpga_lite/17.1/quartus/bin64/perl/bin/perl.exe -I C:/intelfpga_lite/17.1/quartus/bin64/perl/lib -I C:/intelfpga_lite/17.1/quartus/sopc_builder/bin/europa -I C:/intelfpga_lite/17.1/quartus/sopc_builder/bin/perl_lib -I C:/intelfpga_lite/17.1/quartus/sopc_builder/bin -I C:/intelfpga_lite/17.1/quartus/../ip/altera/sopc_builder_ip/common -I C:/intelfpga_lite/17.1/quartus/../ip/altera/sopc_builder_ip/altera_avalon_pio -- C:/intelfpga_lite/17.1/quartus/../ip/altera/sopc_builder_ip/altera_avalon_pio/generate_rtl.pl --name=arm_hps_system_Slider_Switches --dir=C:/Users/ANDRAD~1/AppData/Local/Temp/alt8278_2005722517729298440.dir/0012_Slider_Switches_gen/ --quartus_dir=C:/intelfpga_lite/17.1/quartus --verilog --config=C:/Users/ANDRAD~1/AppData/Local/Temp/alt8278_2005722517729298440.dir/0012_Slider_Switches_gen//arm_hps_system_Slider_Switches_component_configuration.pl  --do_build_sim=0  ]
Info: Slider_Switches: Done RTL generation for module 'arm_hps_system_Slider_Switches'
Info: Slider_Switches: "arm_hps_system" instantiated altera_avalon_pio "Slider_Switches"
Info: SysID: "arm_hps_system" instantiated altera_avalon_sysid_qsys "SysID"
Info: System_PLL: "arm_hps_system" instantiated altera_up_avalon_sys_sdram_pll "System_PLL"
Info: bit_flipper_0: "arm_hps_system" instantiated bit_flipper "bit_flipper_0"
Info: avalon_st_adapter: Inserting error_adapter: error_adapter_0
Info: avalon_st_adapter_001: Inserting error_adapter: error_adapter_0
Info: avalon_st_adapter_002: Inserting error_adapter: error_adapter_0
Info: avalon_st_adapter_003: Inserting error_adapter: error_adapter_0
Info: avalon_st_adapter_004: Inserting error_adapter: error_adapter_0
Info: avalon_st_adapter_005: Inserting error_adapter: error_adapter_0
Info: avalon_st_adapter_006: Inserting error_adapter: error_adapter_0
Info: avalon_st_adapter_007: Inserting error_adapter: error_adapter_0
Info: avalon_st_adapter_008: Inserting error_adapter: error_adapter_0
Info: avalon_st_adapter_009: Inserting error_adapter: error_adapter_0
Info: avalon_st_adapter_010: Inserting error_adapter: error_adapter_0
Info: avalon_st_adapter_011: Inserting error_adapter: error_adapter_0
Info: avalon_st_adapter_012: Inserting error_adapter: error_adapter_0
Info: avalon_st_adapter_013: Inserting error_adapter: error_adapter_0
Info: avalon_st_adapter_014: Inserting error_adapter: error_adapter_0
Info: mm_interconnect_0: "arm_hps_system" instantiated altera_mm_interconnect "mm_interconnect_0"
Info: mm_interconnect_1: "arm_hps_system" instantiated altera_mm_interconnect "mm_interconnect_1"
Info: irq_mapper: "arm_hps_system" instantiated altera_irq_mapper "irq_mapper"
Info: irq_mapper_001: "arm_hps_system" instantiated altera_irq_mapper "irq_mapper_001"
Info: rst_controller: "arm_hps_system" instantiated altera_reset_controller "rst_controller"
Info: fpga_interfaces: "ARM_A9_HPS" instantiated altera_interface_generator "fpga_interfaces"
Info: hps_io: "ARM_A9_HPS" instantiated altera_hps_io "hps_io"
Info: jtag_phy_embedded_in_jtag_master: "JTAG_To_FPGA_Bridge" instantiated altera_jtag_dc_streaming "jtag_phy_embedded_in_jtag_master"
Info: timing_adt: "JTAG_To_FPGA_Bridge" instantiated timing_adapter "timing_adt"
Info: fifo: "JTAG_To_FPGA_Bridge" instantiated altera_avalon_sc_fifo "fifo"
Info: b2p: "JTAG_To_FPGA_Bridge" instantiated altera_avalon_st_bytes_to_packets "b2p"
Info: p2b: "JTAG_To_FPGA_Bridge" instantiated altera_avalon_st_packets_to_bytes "p2b"
Info: transacto: "JTAG_To_FPGA_Bridge" instantiated altera_avalon_packets_to_master "transacto"
Info: b2p_adapter: "JTAG_To_FPGA_Bridge" instantiated channel_adapter "b2p_adapter"
Info: p2b_adapter: "JTAG_To_FPGA_Bridge" instantiated channel_adapter "p2b_adapter"
Info: sys_pll: "System_PLL" instantiated altera_pll "sys_pll"
Info: reset_from_locked: "System_PLL" instantiated altera_up_avalon_reset_from_locked_signal "reset_from_locked"
Info: JTAG_To_FPGA_Bridge_master_translator: "mm_interconnect_0" instantiated altera_merlin_master_translator "JTAG_To_FPGA_Bridge_master_translator"
Info: SDRAM_s1_translator: "mm_interconnect_0" instantiated altera_merlin_slave_translator "SDRAM_s1_translator"
Info: ARM_A9_HPS_h2f_axi_master_agent: "mm_interconnect_0" instantiated altera_merlin_axi_master_ni "ARM_A9_HPS_h2f_axi_master_agent"
Info: JTAG_To_FPGA_Bridge_master_agent: "mm_interconnect_0" instantiated altera_merlin_master_agent "JTAG_To_FPGA_Bridge_master_agent"
Info: SDRAM_s1_agent: "mm_interconnect_0" instantiated altera_merlin_slave_agent "SDRAM_s1_agent"
Info: router: "mm_interconnect_0" instantiated altera_merlin_router "router"
Info: router_002: "mm_interconnect_0" instantiated altera_merlin_router "router_002"
Info: router_003: "mm_interconnect_0" instantiated altera_merlin_router "router_003"
Info: router_005: "mm_interconnect_0" instantiated altera_merlin_router "router_005"
Info: router_006: "mm_interconnect_0" instantiated altera_merlin_router "router_006"
Info: router_007: "mm_interconnect_0" instantiated altera_merlin_router "router_007"
Info: router_008: "mm_interconnect_0" instantiated altera_merlin_router "router_008"
Info: router_018: "mm_interconnect_0" instantiated altera_merlin_router "router_018"
Info: ARM_A9_HPS_h2f_axi_master_wr_limiter: "mm_interconnect_0" instantiated altera_merlin_traffic_limiter "ARM_A9_HPS_h2f_axi_master_wr_limiter"
Info: Reusing file C:/CPEN391/arm_hps_system/arm_hps_system/synthesis/submodules/altera_avalon_sc_fifo.v
Info: Reusing file C:/CPEN391/arm_hps_system/arm_hps_system/synthesis/submodules/altera_avalon_st_pipeline_base.v
Info: SDRAM_s1_burst_adapter: "mm_interconnect_0" instantiated altera_merlin_burst_adapter "SDRAM_s1_burst_adapter"
Info: Reusing file C:/CPEN391/arm_hps_system/arm_hps_system/synthesis/submodules/altera_merlin_address_alignment.sv
Info: Reusing file C:/CPEN391/arm_hps_system/arm_hps_system/synthesis/submodules/altera_avalon_st_pipeline_stage.sv
Info: Reusing file C:/CPEN391/arm_hps_system/arm_hps_system/synthesis/submodules/altera_avalon_st_pipeline_base.v
Info: cmd_demux: "mm_interconnect_0" instantiated altera_merlin_demultiplexer "cmd_demux"
Info: cmd_demux_002: "mm_interconnect_0" instantiated altera_merlin_demultiplexer "cmd_demux_002"
Info: cmd_mux: "mm_interconnect_0" instantiated altera_merlin_multiplexer "cmd_mux"
Info: cmd_mux_001: "mm_interconnect_0" instantiated altera_merlin_multiplexer "cmd_mux_001"
Info: Reusing file C:/CPEN391/arm_hps_system/arm_hps_system/synthesis/submodules/altera_merlin_arbitrator.sv
Info: cmd_mux_013: "mm_interconnect_0" instantiated altera_merlin_multiplexer "cmd_mux_013"
Info: Reusing file C:/CPEN391/arm_hps_system/arm_hps_system/synthesis/submodules/altera_merlin_arbitrator.sv
Info: rsp_demux: "mm_interconnect_0" instantiated altera_merlin_demultiplexer "rsp_demux"
Info: rsp_demux_001: "mm_interconnect_0" instantiated altera_merlin_demultiplexer "rsp_demux_001"
Info: rsp_demux_013: "mm_interconnect_0" instantiated altera_merlin_demultiplexer "rsp_demux_013"
Info: rsp_mux: "mm_interconnect_0" instantiated altera_merlin_multiplexer "rsp_mux"
Info: Reusing file C:/CPEN391/arm_hps_system/arm_hps_system/synthesis/submodules/altera_merlin_arbitrator.sv
Info: rsp_mux_002: "mm_interconnect_0" instantiated altera_merlin_multiplexer "rsp_mux_002"
Info: Reusing file C:/CPEN391/arm_hps_system/arm_hps_system/synthesis/submodules/altera_merlin_arbitrator.sv
Info: ARM_A9_HPS_h2f_axi_master_wr_to_SDRAM_s1_cmd_width_adapter: "mm_interconnect_0" instantiated altera_merlin_width_adapter "ARM_A9_HPS_h2f_axi_master_wr_to_SDRAM_s1_cmd_width_adapter"
Info: Reusing file C:/CPEN391/arm_hps_system/arm_hps_system/synthesis/submodules/altera_merlin_address_alignment.sv
Info: Reusing file C:/CPEN391/arm_hps_system/arm_hps_system/synthesis/submodules/altera_merlin_burst_uncompressor.sv
Info: avalon_st_adapter: "mm_interconnect_0" instantiated altera_avalon_st_adapter "avalon_st_adapter"
Info: avalon_st_adapter_001: "mm_interconnect_0" instantiated altera_avalon_st_adapter "avalon_st_adapter_001"
Info: ARM_A9_HPS_f2h_axi_slave_agent: "mm_interconnect_1" instantiated altera_merlin_axi_slave_ni "ARM_A9_HPS_f2h_axi_slave_agent"
Info: Reusing file C:/CPEN391/arm_hps_system/arm_hps_system/synthesis/submodules/altera_merlin_burst_uncompressor.sv
Info: Reusing file C:/CPEN391/arm_hps_system/arm_hps_system/synthesis/submodules/altera_avalon_sc_fifo.v
Info: Reusing file C:/CPEN391/arm_hps_system/arm_hps_system/synthesis/submodules/altera_merlin_address_alignment.sv
Info: router: "mm_interconnect_1" instantiated altera_merlin_router "router"
Info: router_001: "mm_interconnect_1" instantiated altera_merlin_router "router_001"
Info: cmd_demux: "mm_interconnect_1" instantiated altera_merlin_demultiplexer "cmd_demux"
Info: cmd_mux: "mm_interconnect_1" instantiated altera_merlin_multiplexer "cmd_mux"
Info: Reusing file C:/CPEN391/arm_hps_system/arm_hps_system/synthesis/submodules/altera_merlin_arbitrator.sv
Info: rsp_demux: "mm_interconnect_1" instantiated altera_merlin_demultiplexer "rsp_demux"
Info: rsp_mux: "mm_interconnect_1" instantiated altera_merlin_multiplexer "rsp_mux"
Info: Reusing file C:/CPEN391/arm_hps_system/arm_hps_system/synthesis/submodules/altera_merlin_arbitrator.sv
Info: border: "hps_io" instantiated altera_interface_generator "border"
Info: error_adapter_0: "avalon_st_adapter" instantiated error_adapter "error_adapter_0"
Info: error_adapter_0: "avalon_st_adapter_001" instantiated error_adapter "error_adapter_0"
Info: arm_hps_system: Done "arm_hps_system" with 71 modules, 139 files
Info: qsys-generate succeeded.
Info: Finished: Create HDL design files for synthesis
